[2025-12-20 20:27:23] ========== CRON START ==========
[2025-12-20 20:27:23] Date: 2025-12-20 | Jour: 20
[2025-12-20 20:27:23] Found 2 transactions to generate
[2025-12-20 20:27:23] ✓ Generated expense | User 1 | Nourriture | 1500.00 DH
[2025-12-20 20:27:23] ✓ Generated expense | User 1 | Transport | 1000.00 DH
[2025-12-20 20:27:23] ========== CRON END ==========
[2025-12-20 20:27:23] SUCCESS: 2 | ERRORS: 0
[2025-12-20 20:30:13] ========== CRON START ==========
[2025-12-20 20:30:13] Date: 2025-12-20 | Jour: 20
[2025-12-20 20:30:13] ✓ No recurring transactions to generate.
[2025-12-20 20:30:13] ========== CRON END ==========
[2025-12-20 20:30:33] ========== CRON START ==========
[2025-12-20 20:30:33] Date: 2025-12-20 | Jour: 20
[2025-12-20 20:30:33] ✓ No recurring transactions to generate.
[2025-12-20 20:30:33] ========== CRON END ==========
[2025-12-20 20:31:27] ========== CRON START ==========
[2025-12-20 20:31:27] Date: 2025-12-20 | Jour: 20
[2025-12-20 20:31:27] Found 2 transactions to generate
[2025-12-20 20:31:27] ✓ Generated expense | User 1 | Nourriture | 1500.00 DH
[2025-12-20 20:31:27] ✓ Generated expense | User 1 | Transport | 1000.00 DH
[2025-12-20 20:31:27] ========== CRON END ==========
[2025-12-20 20:31:27] SUCCESS: 2 | ERRORS: 0
[2025-12-20 21:52:26] ========== CRON START ==========
[2025-12-20 21:52:26] Date: 2025-12-20 | Jour: 20
[2025-12-20 21:52:26] Found 2 transactions to generate
[2025-12-20 21:52:26] ✓ Generated expense | User 1 | Nourriture | 1500.00 DH
[2025-12-20 21:52:26] ✓ Generated expense | User 1 | Transport | 1000.00 DH
[2025-12-20 21:52:26] ========== CRON END ==========
[2025-12-20 21:52:26] SUCCESS: 2 | ERRORS: 0
[2025-12-20 22:03:33] ========== CRON START ==========
[2025-12-20 22:03:33] Date: 2025-12-20 | Jour: 20
[2025-12-20 22:03:33] Found 2 transactions to generate
[2025-12-20 22:03:33] ✓ Generated expense | User 1 | Nourriture | 1500.00 DH
[2025-12-20 22:03:33] ✓ Generated expense | User 1 | Transport | 1000.00 DH
[2025-12-20 22:03:33] ========== CRON END ==========
[2025-12-20 22:03:33] SUCCESS: 2 | ERRORS: 0
[2025-12-20 22:10:01] ========== CRON START ==========
[2025-12-20 22:10:01] Date: 2025-12-20 | Jour: 20
[2025-12-20 22:10:01] Found 2 transactions to generate
[2025-12-20 22:10:01] ✓ Generated expense | User 1 | Nourriture | 1500.00 DH
[2025-12-20 22:10:01] ✓ Generated expense | User 1 | Transport | 1000.00 DH
[2025-12-20 22:10:01] ========== CRON END ==========
[2025-12-20 22:10:01] SUCCESS: 2 | ERRORS: 0
[2025-12-20 22:11:01] ========== CRON START ==========
[2025-12-20 22:11:01] Date: 2025-12-20 | Jour: 20
[2025-12-20 22:11:01] ✓ No recurring transactions to generate.
[2025-12-20 22:11:01] ========== CRON END ==========
[2025-12-20 22:12:01] ========== CRON START ==========
[2025-12-20 22:12:01] Date: 2025-12-20 | Jour: 20
[2025-12-20 22:12:01] Found 2 transactions to generate
[2025-12-20 22:12:01] ✓ Generated expense | User 1 | Nourriture | 1500.00 DH
[2025-12-20 22:12:01] ✓ Generated expense | User 1 | Transport | 1000.00 DH
[2025-12-20 22:12:01] ========== CRON END ==========
[2025-12-20 22:12:01] SUCCESS: 2 | ERRORS: 0
[2025-12-20 23:06:03] ========== CRON START ==========
[2025-12-20 23:06:03] Date: 2025-12-20 | Jour: 20
[2025-12-20 23:06:03] ✓ No recurring transactions to generate.
[2025-12-20 23:06:03] ========== CRON END ==========
[2025-12-21 15:08:20] ========== CRON START ==========
[2025-12-21 15:08:20] Date: 2025-12-21 | Jour: 21
[2025-12-21 15:08:20] ✓ No recurring transactions to generate.
[2025-12-21 15:08:20] ========== CRON END ==========
[2025-12-21 15:09:01] ========== CRON START ==========
[2025-12-21 15:09:01] Date: 2025-12-21 | Jour: 21
[2025-12-21 15:09:01] ✓ No recurring transactions to generate.
[2025-12-21 15:09:01] ========== CRON END ==========
[2025-12-21 15:10:01] ========== CRON START ==========
[2025-12-21 15:10:01] Date: 2025-12-21 | Jour: 21
[2025-12-21 15:10:01] ✓ No recurring transactions to generate.
[2025-12-21 15:10:01] ========== CRON END ==========
[2025-12-21 15:11:01] ========== CRON START ==========
[2025-12-21 15:11:01] Date: 2025-12-21 | Jour: 21
[2025-12-21 15:11:01] ✓ No recurring transactions to generate.
[2025-12-21 15:11:01] ========== CRON END ==========
[2025-12-21 15:12:01] ========== CRON START ==========
[2025-12-21 15:12:01] Date: 2025-12-21 | Jour: 21
[2025-12-21 15:12:01] ✓ No recurring transactions to generate.
[2025-12-21 15:12:01] ========== CRON END ==========
[2025-12-21 15:13:01] ========== CRON START ==========
[2025-12-21 15:13:01] Date: 2025-12-21 | Jour: 21
[2025-12-21 15:13:01] ✓ No recurring transactions to generate.
[2025-12-21 15:13:01] ========== CRON END ==========
[2025-12-21 15:14:01] ========== CRON START ==========
[2025-12-21 15:14:01] Date: 2025-12-21 | Jour: 21
[2025-12-21 15:14:01] ✓ No recurring transactions to generate.
[2025-12-21 15:14:01] ========== CRON END ==========
[2025-12-21 15:15:01] ========== CRON START ==========
[2025-12-21 15:15:01] Date: 2025-12-21 | Jour: 21
[2025-12-21 15:15:01] ✓ No recurring transactions to generate.
[2025-12-21 15:15:01] ========== CRON END ==========
[2025-12-21 15:16:01] ========== CRON START ==========
[2025-12-21 15:16:01] Date: 2025-12-21 | Jour: 21
[2025-12-21 15:16:01] ✓ No recurring transactions to generate.
[2025-12-21 15:16:01] ========== CRON END ==========
[2025-12-21 15:17:02] ========== CRON START ==========
[2025-12-21 15:17:02] Date: 2025-12-21 | Jour: 21
[2025-12-21 15:17:02] ✓ No recurring transactions to generate.
[2025-12-21 15:17:02] ========== CRON END ==========
[2025-12-21 15:18:01] ========== CRON START ==========
[2025-12-21 15:18:01] Date: 2025-12-21 | Jour: 21
[2025-12-21 15:18:01] ✓ No recurring transactions to generate.
[2025-12-21 15:18:01] ========== CRON END ==========
[2025-12-21 15:19:01] ========== CRON START ==========
[2025-12-21 15:19:01] Date: 2025-12-21 | Jour: 21
[2025-12-21 15:19:01] ✓ No recurring transactions to generate.
[2025-12-21 15:19:01] ========== CRON END ==========
[2025-12-21 15:20:01] ========== CRON START ==========
[2025-12-21 15:20:01] Date: 2025-12-21 | Jour: 21
[2025-12-21 15:20:01] ✓ No recurring transactions to generate.
[2025-12-21 15:20:01] ========== CRON END ==========
[2025-12-21 15:21:01] ========== CRON START ==========
[2025-12-21 15:21:01] Date: 2025-12-21 | Jour: 21
[2025-12-21 15:21:01] ✓ No recurring transactions to generate.
[2025-12-21 15:21:01] ========== CRON END ==========
[2025-12-21 15:22:01] ========== CRON START ==========
[2025-12-21 15:22:01] Date: 2025-12-21 | Jour: 21
[2025-12-21 15:22:01] ✓ No recurring transactions to generate.
[2025-12-21 15:22:01] ========== CRON END ==========
[2025-12-21 15:23:01] ========== CRON START ==========
[2025-12-21 15:23:01] Date: 2025-12-21 | Jour: 21
[2025-12-21 15:23:01] ✓ No recurring transactions to generate.
[2025-12-21 15:23:01] ========== CRON END ==========
[2025-12-21 15:24:01] ========== CRON START ==========
[2025-12-21 15:24:01] Date: 2025-12-21 | Jour: 21
[2025-12-21 15:24:01] ✓ No recurring transactions to generate.
[2025-12-21 15:24:01] ========== CRON END ==========
[2025-12-21 15:25:01] ========== CRON START ==========
[2025-12-21 15:25:01] Date: 2025-12-21 | Jour: 21
[2025-12-21 15:25:01] ✓ No recurring transactions to generate.
[2025-12-21 15:25:01] ========== CRON END ==========
[2025-12-21 15:26:01] ========== CRON START ==========
[2025-12-21 15:26:01] Date: 2025-12-21 | Jour: 21
[2025-12-21 15:26:01] ✓ No recurring transactions to generate.
[2025-12-21 15:26:01] ========== CRON END ==========
[2025-12-21 15:27:01] ========== CRON START ==========
[2025-12-21 15:27:01] Date: 2025-12-21 | Jour: 21
[2025-12-21 15:27:01] ✓ No recurring transactions to generate.
[2025-12-21 15:27:01] ========== CRON END ==========
[2025-12-21 15:28:01] ========== CRON START ==========
[2025-12-21 15:28:01] Date: 2025-12-21 | Jour: 21
[2025-12-21 15:28:01] ✓ No recurring transactions to generate.
[2025-12-21 15:28:01] ========== CRON END ==========
[2025-12-21 15:29:01] ========== CRON START ==========
[2025-12-21 15:29:01] Date: 2025-12-21 | Jour: 21
[2025-12-21 15:29:01] ✓ No recurring transactions to generate.
[2025-12-21 15:29:01] ========== CRON END ==========
[2025-12-21 15:30:01] ========== CRON START ==========
[2025-12-21 15:30:01] Date: 2025-12-21 | Jour: 21
[2025-12-21 15:30:01] ✓ No recurring transactions to generate.
[2025-12-21 15:30:01] ========== CRON END ==========
[2025-12-21 15:31:01] ========== CRON START ==========
[2025-12-21 15:31:01] Date: 2025-12-21 | Jour: 21
[2025-12-21 15:31:01] ✓ No recurring transactions to generate.
[2025-12-21 15:31:01] ========== CRON END ==========
[2025-12-21 15:32:01] ========== CRON START ==========
[2025-12-21 15:32:01] Date: 2025-12-21 | Jour: 21
[2025-12-21 15:32:01] ✓ No recurring transactions to generate.
[2025-12-21 15:32:01] ========== CRON END ==========
[2025-12-21 15:33:01] ========== CRON START ==========
[2025-12-21 15:33:01] Date: 2025-12-21 | Jour: 21
[2025-12-21 15:33:01] ✓ No recurring transactions to generate.
[2025-12-21 15:33:01] ========== CRON END ==========
[2025-12-21 15:34:01] ========== CRON START ==========
[2025-12-21 15:34:01] Date: 2025-12-21 | Jour: 21
[2025-12-21 15:34:01] ✓ No recurring transactions to generate.
[2025-12-21 15:34:01] ========== CRON END ==========
[2025-12-21 15:35:01] ========== CRON START ==========
[2025-12-21 15:35:01] Date: 2025-12-21 | Jour: 21
[2025-12-21 15:35:01] ✓ No recurring transactions to generate.
[2025-12-21 15:35:01] ========== CRON END ==========
[2025-12-21 15:36:01] ========== CRON START ==========
[2025-12-21 15:36:01] Date: 2025-12-21 | Jour: 21
[2025-12-21 15:36:01] ✓ No recurring transactions to generate.
[2025-12-21 15:36:01] ========== CRON END ==========
[2025-12-21 15:37:01] ========== CRON START ==========
[2025-12-21 15:37:01] Date: 2025-12-21 | Jour: 21
[2025-12-21 15:37:01] ✓ No recurring transactions to generate.
[2025-12-21 15:37:01] ========== CRON END ==========
[2025-12-21 15:38:01] ========== CRON START ==========
[2025-12-21 15:38:01] Date: 2025-12-21 | Jour: 21
[2025-12-21 15:38:01] ✓ No recurring transactions to generate.
[2025-12-21 15:38:01] ========== CRON END ==========
[2025-12-21 15:39:01] ========== CRON START ==========
[2025-12-21 15:39:01] Date: 2025-12-21 | Jour: 21
[2025-12-21 15:39:01] ✓ No recurring transactions to generate.
[2025-12-21 15:39:01] ========== CRON END ==========
[2025-12-21 15:40:01] ========== CRON START ==========
[2025-12-21 15:40:01] Date: 2025-12-21 | Jour: 21
[2025-12-21 15:40:01] ✓ No recurring transactions to generate.
[2025-12-21 15:40:01] ========== CRON END ==========
[2025-12-21 15:41:01] ========== CRON START ==========
[2025-12-21 15:41:01] Date: 2025-12-21 | Jour: 21
[2025-12-21 15:41:01] ✓ No recurring transactions to generate.
[2025-12-21 15:41:01] ========== CRON END ==========
[2025-12-21 15:42:01] ========== CRON START ==========
[2025-12-21 15:42:01] Date: 2025-12-21 | Jour: 21
[2025-12-21 15:42:01] ✓ No recurring transactions to generate.
[2025-12-21 15:42:01] ========== CRON END ==========
[2025-12-21 15:43:01] ========== CRON START ==========
[2025-12-21 15:43:01] Date: 2025-12-21 | Jour: 21
[2025-12-21 15:43:01] ✓ No recurring transactions to generate.
[2025-12-21 15:43:01] ========== CRON END ==========
[2025-12-21 15:44:01] ========== CRON START ==========
[2025-12-21 15:44:01] Date: 2025-12-21 | Jour: 21
[2025-12-21 15:44:01] ✓ No recurring transactions to generate.
[2025-12-21 15:44:01] ========== CRON END ==========
[2025-12-21 15:45:01] ========== CRON START ==========
[2025-12-21 15:45:01] Date: 2025-12-21 | Jour: 21
[2025-12-21 15:45:01] ✓ No recurring transactions to generate.
[2025-12-21 15:45:01] ========== CRON END ==========
[2025-12-21 15:46:01] ========== CRON START ==========
[2025-12-21 15:46:01] Date: 2025-12-21 | Jour: 21
[2025-12-21 15:46:01] ✓ No recurring transactions to generate.
[2025-12-21 15:46:01] ========== CRON END ==========
[2025-12-21 15:47:01] ========== CRON START ==========
[2025-12-21 15:47:01] Date: 2025-12-21 | Jour: 21
[2025-12-21 15:47:01] ✓ No recurring transactions to generate.
[2025-12-21 15:47:01] ========== CRON END ==========
[2025-12-21 15:48:02] ========== CRON START ==========
[2025-12-21 15:48:02] Date: 2025-12-21 | Jour: 21
[2025-12-21 15:48:02] ✓ No recurring transactions to generate.
[2025-12-21 15:48:02] ========== CRON END ==========
[2025-12-21 15:49:01] ========== CRON START ==========
[2025-12-21 15:49:01] Date: 2025-12-21 | Jour: 21
[2025-12-21 15:49:01] ✓ No recurring transactions to generate.
[2025-12-21 15:49:01] ========== CRON END ==========
[2025-12-21 15:50:01] ========== CRON START ==========
[2025-12-21 15:50:01] Date: 2025-12-21 | Jour: 21
[2025-12-21 15:50:01] ✓ No recurring transactions to generate.
[2025-12-21 15:50:01] ========== CRON END ==========
[2025-12-21 15:51:01] ========== CRON START ==========
[2025-12-21 15:51:01] Date: 2025-12-21 | Jour: 21
[2025-12-21 15:51:01] ✓ No recurring transactions to generate.
[2025-12-21 15:51:01] ========== CRON END ==========
[2025-12-21 15:52:01] ========== CRON START ==========
[2025-12-21 15:52:01] Date: 2025-12-21 | Jour: 21
[2025-12-21 15:52:01] ✓ No recurring transactions to generate.
[2025-12-21 15:52:01] ========== CRON END ==========
[2025-12-21 15:53:01] ========== CRON START ==========
[2025-12-21 15:53:01] Date: 2025-12-21 | Jour: 21
[2025-12-21 15:53:01] ✓ No recurring transactions to generate.
[2025-12-21 15:53:01] ========== CRON END ==========
[2025-12-21 15:54:01] ========== CRON START ==========
[2025-12-21 15:54:01] Date: 2025-12-21 | Jour: 21
[2025-12-21 15:54:01] ✓ No recurring transactions to generate.
[2025-12-21 15:54:01] ========== CRON END ==========
[2025-12-21 15:55:01] ========== CRON START ==========
[2025-12-21 15:55:01] Date: 2025-12-21 | Jour: 21
[2025-12-21 15:55:01] ✓ No recurring transactions to generate.
[2025-12-21 15:55:01] ========== CRON END ==========
[2025-12-21 15:56:01] ========== CRON START ==========
[2025-12-21 15:56:01] Date: 2025-12-21 | Jour: 21
[2025-12-21 15:56:01] ✓ No recurring transactions to generate.
[2025-12-21 15:56:01] ========== CRON END ==========
[2025-12-21 15:57:01] ========== CRON START ==========
[2025-12-21 15:57:01] Date: 2025-12-21 | Jour: 21
[2025-12-21 15:57:01] ✓ No recurring transactions to generate.
[2025-12-21 15:57:01] ========== CRON END ==========
[2025-12-21 15:58:01] ========== CRON START ==========
[2025-12-21 15:58:01] Date: 2025-12-21 | Jour: 21
[2025-12-21 15:58:01] ✓ No recurring transactions to generate.
[2025-12-21 15:58:01] ========== CRON END ==========
[2025-12-21 15:59:01] ========== CRON START ==========
[2025-12-21 15:59:01] Date: 2025-12-21 | Jour: 21
[2025-12-21 15:59:01] ✓ No recurring transactions to generate.
[2025-12-21 15:59:01] ========== CRON END ==========
[2025-12-21 16:00:01] ========== CRON START ==========
[2025-12-21 16:00:01] Date: 2025-12-21 | Jour: 21
[2025-12-21 16:00:01] ✓ No recurring transactions to generate.
[2025-12-21 16:00:01] ========== CRON END ==========
[2025-12-21 16:01:01] ========== CRON START ==========
[2025-12-21 16:01:01] Date: 2025-12-21 | Jour: 21
[2025-12-21 16:01:01] ✓ No recurring transactions to generate.
[2025-12-21 16:01:01] ========== CRON END ==========
[2025-12-21 16:02:01] ========== CRON START ==========
[2025-12-21 16:02:01] Date: 2025-12-21 | Jour: 21
[2025-12-21 16:02:01] ✓ No recurring transactions to generate.
[2025-12-21 16:02:01] ========== CRON END ==========
[2025-12-21 16:03:01] ========== CRON START ==========
[2025-12-21 16:03:01] Date: 2025-12-21 | Jour: 21
[2025-12-21 16:03:01] ✓ No recurring transactions to generate.
[2025-12-21 16:03:01] ========== CRON END ==========
[2025-12-21 16:04:01] ========== CRON START ==========
[2025-12-21 16:04:01] Date: 2025-12-21 | Jour: 21
[2025-12-21 16:04:01] ✓ No recurring transactions to generate.
[2025-12-21 16:04:01] ========== CRON END ==========
[2025-12-21 16:05:01] ========== CRON START ==========
[2025-12-21 16:05:01] Date: 2025-12-21 | Jour: 21
[2025-12-21 16:05:01] ✓ No recurring transactions to generate.
[2025-12-21 16:05:01] ========== CRON END ==========
[2025-12-21 16:06:01] ========== CRON START ==========
[2025-12-21 16:06:01] Date: 2025-12-21 | Jour: 21
[2025-12-21 16:06:01] ✓ No recurring transactions to generate.
[2025-12-21 16:06:01] ========== CRON END ==========
[2025-12-21 16:07:01] ========== CRON START ==========
[2025-12-21 16:07:01] Date: 2025-12-21 | Jour: 21
[2025-12-21 16:07:01] ✓ No recurring transactions to generate.
[2025-12-21 16:07:01] ========== CRON END ==========
[2025-12-21 16:08:01] ========== CRON START ==========
[2025-12-21 16:08:01] Date: 2025-12-21 | Jour: 21
[2025-12-21 16:08:01] ✓ No recurring transactions to generate.
[2025-12-21 16:08:01] ========== CRON END ==========
[2025-12-21 16:09:01] ========== CRON START ==========
[2025-12-21 16:09:01] Date: 2025-12-21 | Jour: 21
[2025-12-21 16:09:01] ✓ No recurring transactions to generate.
[2025-12-21 16:09:01] ========== CRON END ==========
[2025-12-21 16:10:01] ========== CRON START ==========
[2025-12-21 16:10:01] Date: 2025-12-21 | Jour: 21
[2025-12-21 16:10:01] ✓ No recurring transactions to generate.
[2025-12-21 16:10:01] ========== CRON END ==========
[2025-12-21 16:11:01] ========== CRON START ==========
[2025-12-21 16:11:01] Date: 2025-12-21 | Jour: 21
[2025-12-21 16:11:01] ✓ No recurring transactions to generate.
[2025-12-21 16:11:01] ========== CRON END ==========
[2025-12-21 16:12:01] ========== CRON START ==========
[2025-12-21 16:12:01] Date: 2025-12-21 | Jour: 21
[2025-12-21 16:12:01] ✓ No recurring transactions to generate.
[2025-12-21 16:12:01] ========== CRON END ==========
[2025-12-21 16:13:01] ========== CRON START ==========
[2025-12-21 16:13:01] Date: 2025-12-21 | Jour: 21
[2025-12-21 16:13:01] ✓ No recurring transactions to generate.
[2025-12-21 16:13:01] ========== CRON END ==========
[2025-12-21 16:14:01] ========== CRON START ==========
[2025-12-21 16:14:01] Date: 2025-12-21 | Jour: 21
[2025-12-21 16:14:01] ✓ No recurring transactions to generate.
[2025-12-21 16:14:01] ========== CRON END ==========
[2025-12-21 16:15:01] ========== CRON START ==========
[2025-12-21 16:15:01] Date: 2025-12-21 | Jour: 21
[2025-12-21 16:15:01] ✓ No recurring transactions to generate.
[2025-12-21 16:15:01] ========== CRON END ==========
[2025-12-21 16:16:01] ========== CRON START ==========
[2025-12-21 16:16:01] Date: 2025-12-21 | Jour: 21
[2025-12-21 16:16:01] ✓ No recurring transactions to generate.
[2025-12-21 16:16:01] ========== CRON END ==========
[2025-12-21 16:17:01] ========== CRON START ==========
[2025-12-21 16:17:01] Date: 2025-12-21 | Jour: 21
[2025-12-21 16:17:01] ✓ No recurring transactions to generate.
[2025-12-21 16:17:01] ========== CRON END ==========
[2025-12-21 16:18:01] ========== CRON START ==========
[2025-12-21 16:18:01] Date: 2025-12-21 | Jour: 21
[2025-12-21 16:18:01] ✓ No recurring transactions to generate.
[2025-12-21 16:18:01] ========== CRON END ==========
[2025-12-21 16:19:01] ========== CRON START ==========
[2025-12-21 16:19:01] Date: 2025-12-21 | Jour: 21
[2025-12-21 16:19:01] ✓ No recurring transactions to generate.
[2025-12-21 16:19:01] ========== CRON END ==========
[2025-12-21 16:20:01] ========== CRON START ==========
[2025-12-21 16:20:01] Date: 2025-12-21 | Jour: 21
[2025-12-21 16:20:01] ✓ No recurring transactions to generate.
[2025-12-21 16:20:01] ========== CRON END ==========
[2025-12-21 16:21:02] ========== CRON START ==========
[2025-12-21 16:21:02] Date: 2025-12-21 | Jour: 21
[2025-12-21 16:21:02] ✓ No recurring transactions to generate.
[2025-12-21 16:21:02] ========== CRON END ==========
[2025-12-21 16:22:01] ========== CRON START ==========
[2025-12-21 16:22:01] Date: 2025-12-21 | Jour: 21
[2025-12-21 16:22:01] ✓ No recurring transactions to generate.
[2025-12-21 16:22:01] ========== CRON END ==========
[2025-12-21 16:23:01] ========== CRON START ==========
[2025-12-21 16:23:01] Date: 2025-12-21 | Jour: 21
[2025-12-21 16:23:01] ✓ No recurring transactions to generate.
[2025-12-21 16:23:01] ========== CRON END ==========
[2025-12-21 16:24:01] ========== CRON START ==========
[2025-12-21 16:24:01] Date: 2025-12-21 | Jour: 21
[2025-12-21 16:24:01] ✓ No recurring transactions to generate.
[2025-12-21 16:24:01] ========== CRON END ==========
[2025-12-21 16:25:01] ========== CRON START ==========
[2025-12-21 16:25:01] Date: 2025-12-21 | Jour: 21
[2025-12-21 16:25:01] ✓ No recurring transactions to generate.
[2025-12-21 16:25:01] ========== CRON END ==========
[2025-12-21 16:26:01] ========== CRON START ==========
[2025-12-21 16:26:01] Date: 2025-12-21 | Jour: 21
[2025-12-21 16:26:01] ✓ No recurring transactions to generate.
[2025-12-21 16:26:01] ========== CRON END ==========
[2025-12-21 16:27:01] ========== CRON START ==========
[2025-12-21 16:27:01] Date: 2025-12-21 | Jour: 21
[2025-12-21 16:27:01] ✓ No recurring transactions to generate.
[2025-12-21 16:27:01] ========== CRON END ==========
[2025-12-21 16:28:01] ========== CRON START ==========
[2025-12-21 16:28:01] Date: 2025-12-21 | Jour: 21
[2025-12-21 16:28:01] ✓ No recurring transactions to generate.
[2025-12-21 16:28:01] ========== CRON END ==========
[2025-12-21 16:29:01] ========== CRON START ==========
[2025-12-21 16:29:01] Date: 2025-12-21 | Jour: 21
[2025-12-21 16:29:01] ✓ No recurring transactions to generate.
[2025-12-21 16:29:01] ========== CRON END ==========
[2025-12-21 16:30:01] ========== CRON START ==========
[2025-12-21 16:30:01] Date: 2025-12-21 | Jour: 21
[2025-12-21 16:30:01] ✓ No recurring transactions to generate.
[2025-12-21 16:30:01] ========== CRON END ==========
[2025-12-21 16:31:01] ========== CRON START ==========
[2025-12-21 16:31:01] Date: 2025-12-21 | Jour: 21
[2025-12-21 16:31:01] ✓ No recurring transactions to generate.
[2025-12-21 16:31:01] ========== CRON END ==========
[2025-12-21 16:32:01] ========== CRON START ==========
[2025-12-21 16:32:01] Date: 2025-12-21 | Jour: 21
[2025-12-21 16:32:01] ✓ No recurring transactions to generate.
[2025-12-21 16:32:01] ========== CRON END ==========
[2025-12-21 17:18:42] ========== CRON START ==========
[2025-12-21 17:18:42] Date: 2025-12-21 | Jour: 21
[2025-12-21 17:18:42] ✓ No recurring transactions to generate.
[2025-12-21 17:18:42] ========== CRON END ==========
[2025-12-21 17:19:01] ========== CRON START ==========
[2025-12-21 17:19:01] Date: 2025-12-21 | Jour: 21
[2025-12-21 17:19:01] ✓ No recurring transactions to generate.
[2025-12-21 17:19:01] ========== CRON END ==========
[2025-12-21 17:20:01] ========== CRON START ==========
[2025-12-21 17:20:01] Date: 2025-12-21 | Jour: 21
[2025-12-21 17:20:01] ✓ No recurring transactions to generate.
[2025-12-21 17:20:01] ========== CRON END ==========
[2025-12-21 17:21:01] ========== CRON START ==========
[2025-12-21 17:21:01] Date: 2025-12-21 | Jour: 21
[2025-12-21 17:21:01] ✓ No recurring transactions to generate.
[2025-12-21 17:21:01] ========== CRON END ==========
[2025-12-21 17:22:02] ========== CRON START ==========
[2025-12-21 17:22:02] Date: 2025-12-21 | Jour: 21
[2025-12-21 17:22:02] ✓ No recurring transactions to generate.
[2025-12-21 17:22:02] ========== CRON END ==========
[2025-12-21 17:23:01] ========== CRON START ==========
[2025-12-21 17:23:01] Date: 2025-12-21 | Jour: 21
[2025-12-21 17:23:01] ✓ No recurring transactions to generate.
[2025-12-21 17:23:01] ========== CRON END ==========
[2025-12-21 17:24:01] ========== CRON START ==========
[2025-12-21 17:24:01] Date: 2025-12-21 | Jour: 21
[2025-12-21 17:24:01] ✓ No recurring transactions to generate.
[2025-12-21 17:24:01] ========== CRON END ==========
[2025-12-21 17:25:01] ========== CRON START ==========
[2025-12-21 17:25:01] Date: 2025-12-21 | Jour: 21
[2025-12-21 17:25:01] ✓ No recurring transactions to generate.
[2025-12-21 17:25:01] ========== CRON END ==========
[2025-12-21 17:26:01] ========== CRON START ==========
[2025-12-21 17:26:01] Date: 2025-12-21 | Jour: 21
[2025-12-21 17:26:01] ✓ No recurring transactions to generate.
[2025-12-21 17:26:01] ========== CRON END ==========
[2025-12-21 17:27:01] ========== CRON START ==========
[2025-12-21 17:27:01] Date: 2025-12-21 | Jour: 21
[2025-12-21 17:27:01] ✓ No recurring transactions to generate.
[2025-12-21 17:27:01] ========== CRON END ==========
[2025-12-21 17:28:01] ========== CRON START ==========
[2025-12-21 17:28:01] Date: 2025-12-21 | Jour: 21
[2025-12-21 17:28:01] ✓ No recurring transactions to generate.
[2025-12-21 17:28:01] ========== CRON END ==========
[2025-12-21 17:29:01] ========== CRON START ==========
[2025-12-21 17:29:01] Date: 2025-12-21 | Jour: 21
[2025-12-21 17:29:01] ✓ No recurring transactions to generate.
[2025-12-21 17:29:01] ========== CRON END ==========
[2025-12-21 17:30:01] ========== CRON START ==========
[2025-12-21 17:30:01] Date: 2025-12-21 | Jour: 21
[2025-12-21 17:30:01] ✓ No recurring transactions to generate.
[2025-12-21 17:30:01] ========== CRON END ==========
[2025-12-21 17:31:01] ========== CRON START ==========
[2025-12-21 17:31:01] Date: 2025-12-21 | Jour: 21
[2025-12-21 17:31:01] ✓ No recurring transactions to generate.
[2025-12-21 17:31:01] ========== CRON END ==========
[2025-12-21 17:32:01] ========== CRON START ==========
[2025-12-21 17:32:01] Date: 2025-12-21 | Jour: 21
[2025-12-21 17:32:01] ✓ No recurring transactions to generate.
[2025-12-21 17:32:01] ========== CRON END ==========
[2025-12-21 17:33:01] ========== CRON START ==========
[2025-12-21 17:33:01] Date: 2025-12-21 | Jour: 21
[2025-12-21 17:33:01] ✓ No recurring transactions to generate.
[2025-12-21 17:33:01] ========== CRON END ==========
[2025-12-21 17:34:01] ========== CRON START ==========
[2025-12-21 17:34:01] Date: 2025-12-21 | Jour: 21
[2025-12-21 17:34:01] ✓ No recurring transactions to generate.
[2025-12-21 17:34:01] ========== CRON END ==========
[2025-12-21 17:35:01] ========== CRON START ==========
[2025-12-21 17:35:01] Date: 2025-12-21 | Jour: 21
[2025-12-21 17:35:01] ✓ No recurring transactions to generate.
[2025-12-21 17:35:01] ========== CRON END ==========
[2025-12-21 17:36:01] ========== CRON START ==========
[2025-12-21 17:36:01] Date: 2025-12-21 | Jour: 21
[2025-12-21 17:36:01] ✓ No recurring transactions to generate.
[2025-12-21 17:36:01] ========== CRON END ==========
[2025-12-21 17:37:01] ========== CRON START ==========
[2025-12-21 17:37:01] Date: 2025-12-21 | Jour: 21
[2025-12-21 17:37:01] ✓ No recurring transactions to generate.
[2025-12-21 17:37:01] ========== CRON END ==========
[2025-12-21 17:38:01] ========== CRON START ==========
[2025-12-21 17:38:01] Date: 2025-12-21 | Jour: 21
[2025-12-21 17:38:01] ✓ No recurring transactions to generate.
[2025-12-21 17:38:01] ========== CRON END ==========
[2025-12-21 17:39:02] ========== CRON START ==========
[2025-12-21 17:39:02] Date: 2025-12-21 | Jour: 21
[2025-12-21 17:39:02] ✓ No recurring transactions to generate.
[2025-12-21 17:39:02] ========== CRON END ==========
[2025-12-21 17:40:01] ========== CRON START ==========
[2025-12-21 17:40:01] Date: 2025-12-21 | Jour: 21
[2025-12-21 17:40:01] ✓ No recurring transactions to generate.
[2025-12-21 17:40:01] ========== CRON END ==========
[2025-12-21 17:41:01] ========== CRON START ==========
[2025-12-21 17:41:01] Date: 2025-12-21 | Jour: 21
[2025-12-21 17:41:01] ✓ No recurring transactions to generate.
[2025-12-21 17:41:01] ========== CRON END ==========
[2025-12-21 17:42:01] ========== CRON START ==========
[2025-12-21 17:42:01] Date: 2025-12-21 | Jour: 21
[2025-12-21 17:42:01] ✓ No recurring transactions to generate.
[2025-12-21 17:42:01] ========== CRON END ==========
[2025-12-21 17:43:01] ========== CRON START ==========
[2025-12-21 17:43:01] Date: 2025-12-21 | Jour: 21
[2025-12-21 17:43:01] ✓ No recurring transactions to generate.
[2025-12-21 17:43:01] ========== CRON END ==========
[2025-12-21 17:44:01] ========== CRON START ==========
[2025-12-21 17:44:01] Date: 2025-12-21 | Jour: 21
[2025-12-21 17:44:01] ✓ No recurring transactions to generate.
[2025-12-21 17:44:01] ========== CRON END ==========
[2025-12-21 17:45:01] ========== CRON START ==========
[2025-12-21 17:45:01] Date: 2025-12-21 | Jour: 21
[2025-12-21 17:45:01] ✓ No recurring transactions to generate.
[2025-12-21 17:45:01] ========== CRON END ==========
[2025-12-21 17:46:01] ========== CRON START ==========
[2025-12-21 17:46:01] Date: 2025-12-21 | Jour: 21
[2025-12-21 17:46:01] ✓ No recurring transactions to generate.
[2025-12-21 17:46:01] ========== CRON END ==========
[2025-12-21 17:47:01] ========== CRON START ==========
[2025-12-21 17:47:01] Date: 2025-12-21 | Jour: 21
[2025-12-21 17:47:01] ✓ No recurring transactions to generate.
[2025-12-21 17:47:01] ========== CRON END ==========
[2025-12-21 17:48:01] ========== CRON START ==========
[2025-12-21 17:48:01] Date: 2025-12-21 | Jour: 21
[2025-12-21 17:48:01] ✓ No recurring transactions to generate.
[2025-12-21 17:48:01] ========== CRON END ==========
[2025-12-21 17:49:01] ========== CRON START ==========
[2025-12-21 17:49:01] Date: 2025-12-21 | Jour: 21
[2025-12-21 17:49:01] ✓ No recurring transactions to generate.
[2025-12-21 17:49:01] ========== CRON END ==========
[2025-12-21 17:50:01] ========== CRON START ==========
[2025-12-21 17:50:01] Date: 2025-12-21 | Jour: 21
[2025-12-21 17:50:01] ✓ No recurring transactions to generate.
[2025-12-21 17:50:01] ========== CRON END ==========
[2025-12-21 17:51:01] ========== CRON START ==========
[2025-12-21 17:51:01] Date: 2025-12-21 | Jour: 21
[2025-12-21 17:51:01] ✓ No recurring transactions to generate.
[2025-12-21 17:51:01] ========== CRON END ==========
[2025-12-21 17:52:01] ========== CRON START ==========
[2025-12-21 17:52:01] Date: 2025-12-21 | Jour: 21
[2025-12-21 17:52:01] ✓ No recurring transactions to generate.
[2025-12-21 17:52:01] ========== CRON END ==========
[2025-12-21 17:53:01] ========== CRON START ==========
[2025-12-21 17:53:01] Date: 2025-12-21 | Jour: 21
[2025-12-21 17:53:01] ✓ No recurring transactions to generate.
[2025-12-21 17:53:01] ========== CRON END ==========
[2025-12-21 17:54:01] ========== CRON START ==========
[2025-12-21 17:54:01] Date: 2025-12-21 | Jour: 21
[2025-12-21 17:54:01] ✓ No recurring transactions to generate.
[2025-12-21 17:54:01] ========== CRON END ==========
[2025-12-21 17:55:01] ========== CRON START ==========
[2025-12-21 17:55:01] Date: 2025-12-21 | Jour: 21
[2025-12-21 17:55:01] ✓ No recurring transactions to generate.
[2025-12-21 17:55:01] ========== CRON END ==========
[2025-12-21 17:56:02] ========== CRON START ==========
[2025-12-21 17:56:02] Date: 2025-12-21 | Jour: 21
[2025-12-21 17:56:02] ✓ No recurring transactions to generate.
[2025-12-21 17:56:02] ========== CRON END ==========
[2025-12-21 17:57:01] ========== CRON START ==========
[2025-12-21 17:57:01] Date: 2025-12-21 | Jour: 21
[2025-12-21 17:57:01] ✓ No recurring transactions to generate.
[2025-12-21 17:57:01] ========== CRON END ==========
[2025-12-21 17:58:01] ========== CRON START ==========
[2025-12-21 17:58:01] Date: 2025-12-21 | Jour: 21
[2025-12-21 17:58:01] ✓ No recurring transactions to generate.
[2025-12-21 17:58:01] ========== CRON END ==========
[2025-12-21 17:59:01] ========== CRON START ==========
[2025-12-21 17:59:01] Date: 2025-12-21 | Jour: 21
[2025-12-21 17:59:01] ✓ No recurring transactions to generate.
[2025-12-21 17:59:01] ========== CRON END ==========
[2025-12-21 18:00:01] ========== CRON START ==========
[2025-12-21 18:00:01] Date: 2025-12-21 | Jour: 21
[2025-12-21 18:00:01] ✓ No recurring transactions to generate.
[2025-12-21 18:00:01] ========== CRON END ==========
[2025-12-21 18:01:01] ========== CRON START ==========
[2025-12-21 18:01:01] Date: 2025-12-21 | Jour: 21
[2025-12-21 18:01:01] ✓ No recurring transactions to generate.
[2025-12-21 18:01:01] ========== CRON END ==========
[2025-12-21 18:02:01] ========== CRON START ==========
[2025-12-21 18:02:01] Date: 2025-12-21 | Jour: 21
[2025-12-21 18:02:01] ✓ No recurring transactions to generate.
[2025-12-21 18:02:01] ========== CRON END ==========
[2025-12-21 18:03:01] ========== CRON START ==========
[2025-12-21 18:03:01] Date: 2025-12-21 | Jour: 21
[2025-12-21 18:03:01] ✓ No recurring transactions to generate.
[2025-12-21 18:03:01] ========== CRON END ==========
[2025-12-21 18:04:01] ========== CRON START ==========
[2025-12-21 18:04:01] Date: 2025-12-21 | Jour: 21
[2025-12-21 18:04:01] ✓ No recurring transactions to generate.
[2025-12-21 18:04:01] ========== CRON END ==========
[2025-12-21 18:05:01] ========== CRON START ==========
[2025-12-21 18:05:01] Date: 2025-12-21 | Jour: 21
[2025-12-21 18:05:01] ✓ No recurring transactions to generate.
[2025-12-21 18:05:01] ========== CRON END ==========
[2025-12-21 18:06:01] ========== CRON START ==========
[2025-12-21 18:06:01] Date: 2025-12-21 | Jour: 21
[2025-12-21 18:06:01] ✓ No recurring transactions to generate.
[2025-12-21 18:06:01] ========== CRON END ==========
[2025-12-21 18:07:01] ========== CRON START ==========
[2025-12-21 18:07:01] Date: 2025-12-21 | Jour: 21
[2025-12-21 18:07:01] ✓ No recurring transactions to generate.
[2025-12-21 18:07:01] ========== CRON END ==========
[2025-12-21 18:08:01] ========== CRON START ==========
[2025-12-21 18:08:01] Date: 2025-12-21 | Jour: 21
[2025-12-21 18:08:01] ✓ No recurring transactions to generate.
[2025-12-21 18:08:01] ========== CRON END ==========
[2025-12-21 18:09:01] ========== CRON START ==========
[2025-12-21 18:09:01] Date: 2025-12-21 | Jour: 21
[2025-12-21 18:09:01] ✓ No recurring transactions to generate.
[2025-12-21 18:09:01] ========== CRON END ==========
[2025-12-21 18:10:01] ========== CRON START ==========
[2025-12-21 18:10:01] Date: 2025-12-21 | Jour: 21
[2025-12-21 18:10:01] ✓ No recurring transactions to generate.
[2025-12-21 18:10:01] ========== CRON END ==========
[2025-12-21 18:11:02] ========== CRON START ==========
[2025-12-21 18:11:02] Date: 2025-12-21 | Jour: 21
[2025-12-21 18:11:02] ✓ No recurring transactions to generate.
[2025-12-21 18:11:02] ========== CRON END ==========
[2025-12-21 18:12:01] ========== CRON START ==========
[2025-12-21 18:12:01] Date: 2025-12-21 | Jour: 21
[2025-12-21 18:12:01] ✓ No recurring transactions to generate.
[2025-12-21 18:12:01] ========== CRON END ==========
[2025-12-21 18:13:01] ========== CRON START ==========
[2025-12-21 18:13:01] Date: 2025-12-21 | Jour: 21
[2025-12-21 18:13:01] ✓ No recurring transactions to generate.
[2025-12-21 18:13:01] ========== CRON END ==========
[2025-12-21 18:14:01] ========== CRON START ==========
[2025-12-21 18:14:01] Date: 2025-12-21 | Jour: 21
[2025-12-21 18:14:01] ✓ No recurring transactions to generate.
[2025-12-21 18:14:01] ========== CRON END ==========
[2025-12-21 18:15:01] ========== CRON START ==========
[2025-12-21 18:15:01] Date: 2025-12-21 | Jour: 21
[2025-12-21 18:15:01] ✓ No recurring transactions to generate.
[2025-12-21 18:15:01] ========== CRON END ==========
[2025-12-21 18:16:01] ========== CRON START ==========
[2025-12-21 18:16:01] Date: 2025-12-21 | Jour: 21
[2025-12-21 18:16:01] ✓ No recurring transactions to generate.
[2025-12-21 18:16:01] ========== CRON END ==========
[2025-12-21 18:17:01] ========== CRON START ==========
[2025-12-21 18:17:01] Date: 2025-12-21 | Jour: 21
[2025-12-21 18:17:01] ✓ No recurring transactions to generate.
[2025-12-21 18:17:01] ========== CRON END ==========
[2025-12-21 18:18:01] ========== CRON START ==========
[2025-12-21 18:18:01] Date: 2025-12-21 | Jour: 21
[2025-12-21 18:18:01] ✓ No recurring transactions to generate.
[2025-12-21 18:18:01] ========== CRON END ==========
[2025-12-21 18:19:01] ========== CRON START ==========
[2025-12-21 18:19:01] Date: 2025-12-21 | Jour: 21
[2025-12-21 18:19:01] ✓ No recurring transactions to generate.
[2025-12-21 18:19:01] ========== CRON END ==========
[2025-12-21 18:20:01] ========== CRON START ==========
[2025-12-21 18:20:01] Date: 2025-12-21 | Jour: 21
[2025-12-21 18:20:01] ✓ No recurring transactions to generate.
[2025-12-21 18:20:01] ========== CRON END ==========
[2025-12-21 18:21:01] ========== CRON START ==========
[2025-12-21 18:21:01] Date: 2025-12-21 | Jour: 21
[2025-12-21 18:21:01] ✓ No recurring transactions to generate.
[2025-12-21 18:21:01] ========== CRON END ==========
[2025-12-21 18:22:01] ========== CRON START ==========
[2025-12-21 18:22:01] Date: 2025-12-21 | Jour: 21
[2025-12-21 18:22:01] ✓ No recurring transactions to generate.
[2025-12-21 18:22:01] ========== CRON END ==========
[2025-12-21 18:23:01] ========== CRON START ==========
[2025-12-21 18:23:01] Date: 2025-12-21 | Jour: 21
[2025-12-21 18:23:01] ✓ No recurring transactions to generate.
[2025-12-21 18:23:01] ========== CRON END ==========
[2025-12-21 18:24:01] ========== CRON START ==========
[2025-12-21 18:24:01] Date: 2025-12-21 | Jour: 21
[2025-12-21 18:24:01] ✓ No recurring transactions to generate.
[2025-12-21 18:24:01] ========== CRON END ==========
[2025-12-21 18:25:01] ========== CRON START ==========
[2025-12-21 18:25:01] Date: 2025-12-21 | Jour: 21
[2025-12-21 18:25:01] ✓ No recurring transactions to generate.
[2025-12-21 18:25:01] ========== CRON END ==========
[2025-12-21 18:26:01] ========== CRON START ==========
[2025-12-21 18:26:01] Date: 2025-12-21 | Jour: 21
[2025-12-21 18:26:01] ✓ No recurring transactions to generate.
[2025-12-21 18:26:01] ========== CRON END ==========
[2025-12-21 18:27:02] ========== CRON START ==========
[2025-12-21 18:27:02] Date: 2025-12-21 | Jour: 21
[2025-12-21 18:27:02] ✓ No recurring transactions to generate.
[2025-12-21 18:27:02] ========== CRON END ==========
[2025-12-21 18:28:01] ========== CRON START ==========
[2025-12-21 18:28:01] Date: 2025-12-21 | Jour: 21
[2025-12-21 18:28:01] ✓ No recurring transactions to generate.
[2025-12-21 18:28:01] ========== CRON END ==========
[2025-12-21 18:29:01] ========== CRON START ==========
[2025-12-21 18:29:01] Date: 2025-12-21 | Jour: 21
[2025-12-21 18:29:01] ✓ No recurring transactions to generate.
[2025-12-21 18:29:01] ========== CRON END ==========
[2025-12-21 18:30:01] ========== CRON START ==========
[2025-12-21 18:30:01] Date: 2025-12-21 | Jour: 21
[2025-12-21 18:30:01] ✓ No recurring transactions to generate.
[2025-12-21 18:30:01] ========== CRON END ==========
[2025-12-21 18:31:01] ========== CRON START ==========
[2025-12-21 18:31:01] Date: 2025-12-21 | Jour: 21
[2025-12-21 18:31:01] ✓ No recurring transactions to generate.
[2025-12-21 18:31:01] ========== CRON END ==========
[2025-12-21 18:32:01] ========== CRON START ==========
[2025-12-21 18:32:01] Date: 2025-12-21 | Jour: 21
[2025-12-21 18:32:01] ✓ No recurring transactions to generate.
[2025-12-21 18:32:01] ========== CRON END ==========
[2025-12-21 18:33:01] ========== CRON START ==========
[2025-12-21 18:33:01] Date: 2025-12-21 | Jour: 21
[2025-12-21 18:33:01] ✓ No recurring transactions to generate.
[2025-12-21 18:33:01] ========== CRON END ==========
[2025-12-21 18:34:01] ========== CRON START ==========
[2025-12-21 18:34:01] Date: 2025-12-21 | Jour: 21
[2025-12-21 18:34:01] ✓ No recurring transactions to generate.
[2025-12-21 18:34:01] ========== CRON END ==========
[2025-12-21 18:35:01] ========== CRON START ==========
[2025-12-21 18:35:01] Date: 2025-12-21 | Jour: 21
[2025-12-21 18:35:01] ✓ No recurring transactions to generate.
[2025-12-21 18:35:01] ========== CRON END ==========
[2025-12-21 18:36:01] ========== CRON START ==========
[2025-12-21 18:36:01] Date: 2025-12-21 | Jour: 21
[2025-12-21 18:36:01] ✓ No recurring transactions to generate.
[2025-12-21 18:36:01] ========== CRON END ==========
[2025-12-21 18:37:01] ========== CRON START ==========
[2025-12-21 18:37:01] Date: 2025-12-21 | Jour: 21
[2025-12-21 18:37:01] ✓ No recurring transactions to generate.
[2025-12-21 18:37:01] ========== CRON END ==========
[2025-12-21 18:38:01] ========== CRON START ==========
[2025-12-21 18:38:01] Date: 2025-12-21 | Jour: 21
[2025-12-21 18:38:01] ✓ No recurring transactions to generate.
[2025-12-21 18:38:01] ========== CRON END ==========
[2025-12-21 18:39:01] ========== CRON START ==========
[2025-12-21 18:39:01] Date: 2025-12-21 | Jour: 21
[2025-12-21 18:39:01] ✓ No recurring transactions to generate.
[2025-12-21 18:39:01] ========== CRON END ==========
[2025-12-21 18:40:01] ========== CRON START ==========
[2025-12-21 18:40:01] Date: 2025-12-21 | Jour: 21
[2025-12-21 18:40:01] ✓ No recurring transactions to generate.
[2025-12-21 18:40:01] ========== CRON END ==========
[2025-12-21 18:41:01] ========== CRON START ==========
[2025-12-21 18:41:01] Date: 2025-12-21 | Jour: 21
[2025-12-21 18:41:01] ✓ No recurring transactions to generate.
[2025-12-21 18:41:01] ========== CRON END ==========
[2025-12-21 18:42:01] ========== CRON START ==========
[2025-12-21 18:42:01] Date: 2025-12-21 | Jour: 21
[2025-12-21 18:42:01] ✓ No recurring transactions to generate.
[2025-12-21 18:42:01] ========== CRON END ==========
[2025-12-21 18:43:02] ========== CRON START ==========
[2025-12-21 18:43:02] Date: 2025-12-21 | Jour: 21
[2025-12-21 18:43:02] ✓ No recurring transactions to generate.
[2025-12-21 18:43:02] ========== CRON END ==========
[2025-12-21 18:44:01] ========== CRON START ==========
[2025-12-21 18:44:01] Date: 2025-12-21 | Jour: 21
[2025-12-21 18:44:01] ✓ No recurring transactions to generate.
[2025-12-21 18:44:01] ========== CRON END ==========
[2025-12-21 18:45:01] ========== CRON START ==========
[2025-12-21 18:45:01] Date: 2025-12-21 | Jour: 21
[2025-12-21 18:45:01] ✓ No recurring transactions to generate.
[2025-12-21 18:45:01] ========== CRON END ==========
[2025-12-21 18:46:01] ========== CRON START ==========
[2025-12-21 18:46:01] Date: 2025-12-21 | Jour: 21
[2025-12-21 18:46:01] ✓ No recurring transactions to generate.
[2025-12-21 18:46:01] ========== CRON END ==========
[2025-12-21 18:47:01] ========== CRON START ==========
[2025-12-21 18:47:01] Date: 2025-12-21 | Jour: 21
[2025-12-21 18:47:01] ✓ No recurring transactions to generate.
[2025-12-21 18:47:01] ========== CRON END ==========
[2025-12-21 18:48:01] ========== CRON START ==========
[2025-12-21 18:48:01] Date: 2025-12-21 | Jour: 21
[2025-12-21 18:48:01] ✓ No recurring transactions to generate.
[2025-12-21 18:48:01] ========== CRON END ==========
[2025-12-21 18:49:01] ========== CRON START ==========
[2025-12-21 18:49:01] Date: 2025-12-21 | Jour: 21
[2025-12-21 18:49:01] ✓ No recurring transactions to generate.
[2025-12-21 18:49:01] ========== CRON END ==========
[2025-12-21 18:50:01] ========== CRON START ==========
[2025-12-21 18:50:01] Date: 2025-12-21 | Jour: 21
[2025-12-21 18:50:01] ✓ No recurring transactions to generate.
[2025-12-21 18:50:01] ========== CRON END ==========
[2025-12-21 18:51:01] ========== CRON START ==========
[2025-12-21 18:51:01] Date: 2025-12-21 | Jour: 21
[2025-12-21 18:51:01] ✓ No recurring transactions to generate.
[2025-12-21 18:51:01] ========== CRON END ==========
[2025-12-21 18:52:01] ========== CRON START ==========
[2025-12-21 18:52:01] Date: 2025-12-21 | Jour: 21
[2025-12-21 18:52:01] ✓ No recurring transactions to generate.
[2025-12-21 18:52:01] ========== CRON END ==========
[2025-12-21 18:53:01] ========== CRON START ==========
[2025-12-21 18:53:01] Date: 2025-12-21 | Jour: 21
[2025-12-21 18:53:01] ✓ No recurring transactions to generate.
[2025-12-21 18:53:01] ========== CRON END ==========
[2025-12-21 18:54:01] ========== CRON START ==========
[2025-12-21 18:54:01] Date: 2025-12-21 | Jour: 21
[2025-12-21 18:54:01] ✓ No recurring transactions to generate.
[2025-12-21 18:54:01] ========== CRON END ==========
[2025-12-21 18:55:01] ========== CRON START ==========
[2025-12-21 18:55:01] Date: 2025-12-21 | Jour: 21
[2025-12-21 18:55:01] ✓ No recurring transactions to generate.
[2025-12-21 18:55:01] ========== CRON END ==========
[2025-12-21 18:56:01] ========== CRON START ==========
[2025-12-21 18:56:01] Date: 2025-12-21 | Jour: 21
[2025-12-21 18:56:01] ✓ No recurring transactions to generate.
[2025-12-21 18:56:01] ========== CRON END ==========
[2025-12-21 18:57:01] ========== CRON START ==========
[2025-12-21 18:57:01] Date: 2025-12-21 | Jour: 21
[2025-12-21 18:57:01] ✓ No recurring transactions to generate.
[2025-12-21 18:57:01] ========== CRON END ==========
[2025-12-21 18:58:01] ========== CRON START ==========
[2025-12-21 18:58:01] Date: 2025-12-21 | Jour: 21
[2025-12-21 18:58:01] ✓ No recurring transactions to generate.
[2025-12-21 18:58:01] ========== CRON END ==========
[2025-12-21 18:59:01] ========== CRON START ==========
[2025-12-21 18:59:01] Date: 2025-12-21 | Jour: 21
[2025-12-21 18:59:01] ✓ No recurring transactions to generate.
[2025-12-21 18:59:01] ========== CRON END ==========
[2025-12-21 19:00:02] ========== CRON START ==========
[2025-12-21 19:00:02] Date: 2025-12-21 | Jour: 21
[2025-12-21 19:00:02] ✓ No recurring transactions to generate.
[2025-12-21 19:00:02] ========== CRON END ==========
[2025-12-21 19:01:01] ========== CRON START ==========
[2025-12-21 19:01:01] Date: 2025-12-21 | Jour: 21
[2025-12-21 19:01:01] ✓ No recurring transactions to generate.
[2025-12-21 19:01:01] ========== CRON END ==========
[2025-12-21 19:02:01] ========== CRON START ==========
[2025-12-21 19:02:01] Date: 2025-12-21 | Jour: 21
[2025-12-21 19:02:01] ✓ No recurring transactions to generate.
[2025-12-21 19:02:01] ========== CRON END ==========
[2025-12-21 19:03:01] ========== CRON START ==========
[2025-12-21 19:03:01] Date: 2025-12-21 | Jour: 21
[2025-12-21 19:03:01] ✓ No recurring transactions to generate.
[2025-12-21 19:03:01] ========== CRON END ==========
[2025-12-21 19:04:01] ========== CRON START ==========
[2025-12-21 19:04:01] Date: 2025-12-21 | Jour: 21
[2025-12-21 19:04:01] ✓ No recurring transactions to generate.
[2025-12-21 19:04:01] ========== CRON END ==========
[2025-12-21 19:05:01] ========== CRON START ==========
[2025-12-21 19:05:01] Date: 2025-12-21 | Jour: 21
[2025-12-21 19:05:01] ✓ No recurring transactions to generate.
[2025-12-21 19:05:01] ========== CRON END ==========
[2025-12-21 19:06:01] ========== CRON START ==========
[2025-12-21 19:06:01] Date: 2025-12-21 | Jour: 21
[2025-12-21 19:06:01] ✓ No recurring transactions to generate.
[2025-12-21 19:06:01] ========== CRON END ==========
[2025-12-21 19:07:01] ========== CRON START ==========
[2025-12-21 19:07:01] Date: 2025-12-21 | Jour: 21
[2025-12-21 19:07:01] ✓ No recurring transactions to generate.
[2025-12-21 19:07:01] ========== CRON END ==========
[2025-12-21 19:08:01] ========== CRON START ==========
[2025-12-21 19:08:01] Date: 2025-12-21 | Jour: 21
[2025-12-21 19:08:01] ✓ No recurring transactions to generate.
[2025-12-21 19:08:01] ========== CRON END ==========
[2025-12-21 19:09:01] ========== CRON START ==========
[2025-12-21 19:09:01] Date: 2025-12-21 | Jour: 21
[2025-12-21 19:09:01] ✓ No recurring transactions to generate.
[2025-12-21 19:09:01] ========== CRON END ==========
[2025-12-21 19:10:01] ========== CRON START ==========
[2025-12-21 19:10:01] Date: 2025-12-21 | Jour: 21
[2025-12-21 19:10:01] ✓ No recurring transactions to generate.
[2025-12-21 19:10:01] ========== CRON END ==========
[2025-12-21 19:11:01] ========== CRON START ==========
[2025-12-21 19:11:01] Date: 2025-12-21 | Jour: 21
[2025-12-21 19:11:01] ✓ No recurring transactions to generate.
[2025-12-21 19:11:01] ========== CRON END ==========
[2025-12-21 19:12:01] ========== CRON START ==========
[2025-12-21 19:12:01] Date: 2025-12-21 | Jour: 21
[2025-12-21 19:12:01] ✓ No recurring transactions to generate.
[2025-12-21 19:12:01] ========== CRON END ==========
[2025-12-21 19:13:01] ========== CRON START ==========
[2025-12-21 19:13:01] Date: 2025-12-21 | Jour: 21
[2025-12-21 19:13:01] ✓ No recurring transactions to generate.
[2025-12-21 19:13:01] ========== CRON END ==========
[2025-12-21 19:14:01] ========== CRON START ==========
[2025-12-21 19:14:01] Date: 2025-12-21 | Jour: 21
[2025-12-21 19:14:01] ✓ No recurring transactions to generate.
[2025-12-21 19:14:01] ========== CRON END ==========
[2025-12-21 20:23:58] ========== CRON START ==========
[2025-12-21 20:23:58] Date: 2025-12-21 | Jour: 21
[2025-12-21 20:23:58] ✓ No recurring transactions to generate.
[2025-12-21 20:23:58] ========== CRON END ==========
[2025-12-21 20:24:01] ========== CRON START ==========
[2025-12-21 20:24:01] Date: 2025-12-21 | Jour: 21
[2025-12-21 20:24:01] ✓ No recurring transactions to generate.
[2025-12-21 20:24:01] ========== CRON END ==========
[2025-12-21 20:25:01] ========== CRON START ==========
[2025-12-21 20:25:01] Date: 2025-12-21 | Jour: 21
[2025-12-21 20:25:01] ✓ No recurring transactions to generate.
[2025-12-21 20:25:01] ========== CRON END ==========
[2025-12-21 20:26:01] ========== CRON START ==========
[2025-12-21 20:26:01] Date: 2025-12-21 | Jour: 21
[2025-12-21 20:26:01] ✓ No recurring transactions to generate.
[2025-12-21 20:26:01] ========== CRON END ==========
[2025-12-21 20:27:01] ========== CRON START ==========
[2025-12-21 20:27:01] Date: 2025-12-21 | Jour: 21
[2025-12-21 20:27:01] ✓ No recurring transactions to generate.
[2025-12-21 20:27:01] ========== CRON END ==========
[2025-12-21 20:28:01] ========== CRON START ==========
[2025-12-21 20:28:01] Date: 2025-12-21 | Jour: 21
[2025-12-21 20:28:01] ✓ No recurring transactions to generate.
[2025-12-21 20:28:01] ========== CRON END ==========
[2025-12-21 20:29:01] ========== CRON START ==========
[2025-12-21 20:29:01] Date: 2025-12-21 | Jour: 21
[2025-12-21 20:29:01] ✓ No recurring transactions to generate.
[2025-12-21 20:29:01] ========== CRON END ==========
[2025-12-21 20:30:01] ========== CRON START ==========
[2025-12-21 20:30:01] Date: 2025-12-21 | Jour: 21
[2025-12-21 20:30:01] ✓ No recurring transactions to generate.
[2025-12-21 20:30:01] ========== CRON END ==========
[2025-12-21 20:31:01] ========== CRON START ==========
[2025-12-21 20:31:01] Date: 2025-12-21 | Jour: 21
[2025-12-21 20:31:01] ✓ No recurring transactions to generate.
[2025-12-21 20:31:01] ========== CRON END ==========
[2025-12-21 20:32:01] ========== CRON START ==========
[2025-12-21 20:32:01] Date: 2025-12-21 | Jour: 21
[2025-12-21 20:32:01] ✓ No recurring transactions to generate.
[2025-12-21 20:32:01] ========== CRON END ==========
[2025-12-21 20:33:01] ========== CRON START ==========
[2025-12-21 20:33:01] Date: 2025-12-21 | Jour: 21
[2025-12-21 20:33:01] ✓ No recurring transactions to generate.
[2025-12-21 20:33:01] ========== CRON END ==========
[2025-12-21 20:34:01] ========== CRON START ==========
[2025-12-21 20:34:01] Date: 2025-12-21 | Jour: 21
[2025-12-21 20:34:01] ✓ No recurring transactions to generate.
[2025-12-21 20:34:01] ========== CRON END ==========
[2025-12-21 20:35:02] ========== CRON START ==========
[2025-12-21 20:35:02] Date: 2025-12-21 | Jour: 21
[2025-12-21 20:35:02] ✓ No recurring transactions to generate.
[2025-12-21 20:35:02] ========== CRON END ==========
[2025-12-21 20:36:01] ========== CRON START ==========
[2025-12-21 20:36:01] Date: 2025-12-21 | Jour: 21
[2025-12-21 20:36:01] ✓ No recurring transactions to generate.
[2025-12-21 20:36:01] ========== CRON END ==========
[2025-12-21 20:37:01] ========== CRON START ==========
[2025-12-21 20:37:01] Date: 2025-12-21 | Jour: 21
[2025-12-21 20:37:01] ✓ No recurring transactions to generate.
[2025-12-21 20:37:01] ========== CRON END ==========
[2025-12-21 20:38:01] ========== CRON START ==========
[2025-12-21 20:38:01] Date: 2025-12-21 | Jour: 21
[2025-12-21 20:38:01] ✓ No recurring transactions to generate.
[2025-12-21 20:38:01] ========== CRON END ==========
[2025-12-21 20:39:01] ========== CRON START ==========
[2025-12-21 20:39:01] Date: 2025-12-21 | Jour: 21
[2025-12-21 20:39:01] ✓ No recurring transactions to generate.
[2025-12-21 20:39:01] ========== CRON END ==========
[2025-12-21 20:40:01] ========== CRON START ==========
[2025-12-21 20:40:01] Date: 2025-12-21 | Jour: 21
[2025-12-21 20:40:01] ✓ No recurring transactions to generate.
[2025-12-21 20:40:01] ========== CRON END ==========
[2025-12-21 20:41:01] ========== CRON START ==========
[2025-12-21 20:41:01] Date: 2025-12-21 | Jour: 21
[2025-12-21 20:41:01] ✓ No recurring transactions to generate.
[2025-12-21 20:41:01] ========== CRON END ==========
[2025-12-21 20:42:01] ========== CRON START ==========
[2025-12-21 20:42:01] Date: 2025-12-21 | Jour: 21
[2025-12-21 20:42:01] ✓ No recurring transactions to generate.
[2025-12-21 20:42:01] ========== CRON END ==========
[2025-12-21 20:43:01] ========== CRON START ==========
[2025-12-21 20:43:01] Date: 2025-12-21 | Jour: 21
[2025-12-21 20:43:01] ✓ No recurring transactions to generate.
[2025-12-21 20:43:01] ========== CRON END ==========
[2025-12-21 20:44:01] ========== CRON START ==========
[2025-12-21 20:44:01] Date: 2025-12-21 | Jour: 21
[2025-12-21 20:44:01] ✓ No recurring transactions to generate.
[2025-12-21 20:44:01] ========== CRON END ==========
[2025-12-21 20:45:01] ========== CRON START ==========
[2025-12-21 20:45:01] Date: 2025-12-21 | Jour: 21
[2025-12-21 20:45:01] ✓ No recurring transactions to generate.
[2025-12-21 20:45:01] ========== CRON END ==========
[2025-12-21 20:46:01] ========== CRON START ==========
[2025-12-21 20:46:01] Date: 2025-12-21 | Jour: 21
[2025-12-21 20:46:01] ✓ No recurring transactions to generate.
[2025-12-21 20:46:01] ========== CRON END ==========
[2025-12-21 20:47:01] ========== CRON START ==========
[2025-12-21 20:47:01] Date: 2025-12-21 | Jour: 21
[2025-12-21 20:47:01] ✓ No recurring transactions to generate.
[2025-12-21 20:47:01] ========== CRON END ==========
[2025-12-21 20:48:01] ========== CRON START ==========
[2025-12-21 20:48:01] Date: 2025-12-21 | Jour: 21
[2025-12-21 20:48:01] ✓ No recurring transactions to generate.
[2025-12-21 20:48:01] ========== CRON END ==========
[2025-12-21 20:49:01] ========== CRON START ==========
[2025-12-21 20:49:01] Date: 2025-12-21 | Jour: 21
[2025-12-21 20:49:01] ✓ No recurring transactions to generate.
[2025-12-21 20:49:01] ========== CRON END ==========
[2025-12-21 20:50:01] ========== CRON START ==========
[2025-12-21 20:50:01] Date: 2025-12-21 | Jour: 21
[2025-12-21 20:50:01] ✓ No recurring transactions to generate.
[2025-12-21 20:50:01] ========== CRON END ==========
[2025-12-21 20:51:01] ========== CRON START ==========
[2025-12-21 20:51:01] Date: 2025-12-21 | Jour: 21
[2025-12-21 20:51:01] ✓ No recurring transactions to generate.
[2025-12-21 20:51:01] ========== CRON END ==========
[2025-12-21 20:52:02] ========== CRON START ==========
[2025-12-21 20:52:02] Date: 2025-12-21 | Jour: 21
[2025-12-21 20:52:02] ✓ No recurring transactions to generate.
[2025-12-21 20:52:02] ========== CRON END ==========
[2025-12-21 20:53:01] ========== CRON START ==========
[2025-12-21 20:53:01] Date: 2025-12-21 | Jour: 21
[2025-12-21 20:53:01] ✓ No recurring transactions to generate.
[2025-12-21 20:53:01] ========== CRON END ==========
[2025-12-21 20:54:01] ========== CRON START ==========
[2025-12-21 20:54:01] Date: 2025-12-21 | Jour: 21
[2025-12-21 20:54:01] ✓ No recurring transactions to generate.
[2025-12-21 20:54:01] ========== CRON END ==========
[2025-12-21 20:55:01] ========== CRON START ==========
[2025-12-21 20:55:01] Date: 2025-12-21 | Jour: 21
[2025-12-21 20:55:01] ✓ No recurring transactions to generate.
[2025-12-21 20:55:01] ========== CRON END ==========
[2025-12-21 20:56:01] ========== CRON START ==========
[2025-12-21 20:56:01] Date: 2025-12-21 | Jour: 21
[2025-12-21 20:56:01] ✓ No recurring transactions to generate.
[2025-12-21 20:56:01] ========== CRON END ==========
[2025-12-21 20:57:01] ========== CRON START ==========
[2025-12-21 20:57:01] Date: 2025-12-21 | Jour: 21
[2025-12-21 20:57:01] ✓ No recurring transactions to generate.
[2025-12-21 20:57:01] ========== CRON END ==========
[2025-12-21 20:58:01] ========== CRON START ==========
[2025-12-21 20:58:01] Date: 2025-12-21 | Jour: 21
[2025-12-21 20:58:01] ✓ No recurring transactions to generate.
[2025-12-21 20:58:01] ========== CRON END ==========
[2025-12-21 20:59:01] ========== CRON START ==========
[2025-12-21 20:59:01] Date: 2025-12-21 | Jour: 21
[2025-12-21 20:59:01] ✓ No recurring transactions to generate.
[2025-12-21 20:59:01] ========== CRON END ==========
[2025-12-21 21:00:01] ========== CRON START ==========
[2025-12-21 21:00:01] Date: 2025-12-21 | Jour: 21
[2025-12-21 21:00:01] ✓ No recurring transactions to generate.
[2025-12-21 21:00:01] ========== CRON END ==========
[2025-12-21 21:01:02] ========== CRON START ==========
[2025-12-21 21:01:02] Date: 2025-12-21 | Jour: 21
[2025-12-21 21:01:02] ✓ No recurring transactions to generate.
[2025-12-21 21:01:02] ========== CRON END ==========
[2025-12-21 21:02:01] ========== CRON START ==========
[2025-12-21 21:02:01] Date: 2025-12-21 | Jour: 21
[2025-12-21 21:02:01] ✓ No recurring transactions to generate.
[2025-12-21 21:02:01] ========== CRON END ==========
[2025-12-21 21:03:01] ========== CRON START ==========
[2025-12-21 21:03:01] Date: 2025-12-21 | Jour: 21
[2025-12-21 21:03:01] ✓ No recurring transactions to generate.
[2025-12-21 21:03:01] ========== CRON END ==========
[2025-12-21 21:04:01] ========== CRON START ==========
[2025-12-21 21:04:01] Date: 2025-12-21 | Jour: 21
[2025-12-21 21:04:01] ✓ No recurring transactions to generate.
[2025-12-21 21:04:01] ========== CRON END ==========
[2025-12-21 21:05:01] ========== CRON START ==========
[2025-12-21 21:05:01] Date: 2025-12-21 | Jour: 21
[2025-12-21 21:05:01] ✓ No recurring transactions to generate.
[2025-12-21 21:05:01] ========== CRON END ==========
[2025-12-21 21:06:01] ========== CRON START ==========
[2025-12-21 21:06:01] Date: 2025-12-21 | Jour: 21
[2025-12-21 21:06:01] ✓ No recurring transactions to generate.
[2025-12-21 21:06:01] ========== CRON END ==========
[2025-12-21 21:07:01] ========== CRON START ==========
[2025-12-21 21:07:01] Date: 2025-12-21 | Jour: 21
[2025-12-21 21:07:01] ✓ No recurring transactions to generate.
[2025-12-21 21:07:01] ========== CRON END ==========
[2025-12-21 21:08:01] ========== CRON START ==========
[2025-12-21 21:08:01] Date: 2025-12-21 | Jour: 21
[2025-12-21 21:08:01] ✓ No recurring transactions to generate.
[2025-12-21 21:08:01] ========== CRON END ==========
[2025-12-21 21:09:01] ========== CRON START ==========
[2025-12-21 21:09:01] Date: 2025-12-21 | Jour: 21
[2025-12-21 21:09:01] ✓ No recurring transactions to generate.
[2025-12-21 21:09:01] ========== CRON END ==========
[2025-12-21 21:10:01] ========== CRON START ==========
[2025-12-21 21:10:01] Date: 2025-12-21 | Jour: 21
[2025-12-21 21:10:01] ✓ No recurring transactions to generate.
[2025-12-21 21:10:01] ========== CRON END ==========
[2025-12-21 21:11:01] ========== CRON START ==========
[2025-12-21 21:11:01] Date: 2025-12-21 | Jour: 21
[2025-12-21 21:11:01] ✓ No recurring transactions to generate.
[2025-12-21 21:11:01] ========== CRON END ==========
[2025-12-21 21:12:01] ========== CRON START ==========
[2025-12-21 21:12:01] Date: 2025-12-21 | Jour: 21
[2025-12-21 21:12:01] ✓ No recurring transactions to generate.
[2025-12-21 21:12:01] ========== CRON END ==========
[2025-12-21 21:13:01] ========== CRON START ==========
[2025-12-21 21:13:01] Date: 2025-12-21 | Jour: 21
[2025-12-21 21:13:01] ✓ No recurring transactions to generate.
[2025-12-21 21:13:01] ========== CRON END ==========
[2025-12-21 21:14:01] ========== CRON START ==========
[2025-12-21 21:14:01] Date: 2025-12-21 | Jour: 21
[2025-12-21 21:14:01] ✓ No recurring transactions to generate.
[2025-12-21 21:14:01] ========== CRON END ==========
[2025-12-21 21:15:01] ========== CRON START ==========
[2025-12-21 21:15:01] Date: 2025-12-21 | Jour: 21
[2025-12-21 21:15:01] ✓ No recurring transactions to generate.
[2025-12-21 21:15:01] ========== CRON END ==========
[2025-12-21 21:16:01] ========== CRON START ==========
[2025-12-21 21:16:01] Date: 2025-12-21 | Jour: 21
[2025-12-21 21:16:01] ✓ No recurring transactions to generate.
[2025-12-21 21:16:01] ========== CRON END ==========
[2025-12-21 21:17:02] ========== CRON START ==========
[2025-12-21 21:17:02] Date: 2025-12-21 | Jour: 21
[2025-12-21 21:17:02] ✓ No recurring transactions to generate.
[2025-12-21 21:17:02] ========== CRON END ==========
[2025-12-21 21:18:01] ========== CRON START ==========
[2025-12-21 21:18:01] Date: 2025-12-21 | Jour: 21
[2025-12-21 21:18:01] ✓ No recurring transactions to generate.
[2025-12-21 21:18:01] ========== CRON END ==========
[2025-12-21 21:19:01] ========== CRON START ==========
[2025-12-21 21:19:01] Date: 2025-12-21 | Jour: 21
[2025-12-21 21:19:01] ✓ No recurring transactions to generate.
[2025-12-21 21:19:01] ========== CRON END ==========
[2025-12-21 21:20:01] ========== CRON START ==========
[2025-12-21 21:20:01] Date: 2025-12-21 | Jour: 21
[2025-12-21 21:20:01] ✓ No recurring transactions to generate.
[2025-12-21 21:20:01] ========== CRON END ==========
[2025-12-21 21:21:01] ========== CRON START ==========
[2025-12-21 21:21:01] Date: 2025-12-21 | Jour: 21
[2025-12-21 21:21:01] ✓ No recurring transactions to generate.
[2025-12-21 21:21:01] ========== CRON END ==========
[2025-12-21 21:22:01] ========== CRON START ==========
[2025-12-21 21:22:01] Date: 2025-12-21 | Jour: 21
[2025-12-21 21:22:01] ✓ No recurring transactions to generate.
[2025-12-21 21:22:01] ========== CRON END ==========
[2025-12-21 21:23:01] ========== CRON START ==========
[2025-12-21 21:23:01] Date: 2025-12-21 | Jour: 21
[2025-12-21 21:23:01] ✓ No recurring transactions to generate.
[2025-12-21 21:23:01] ========== CRON END ==========
[2025-12-21 21:24:01] ========== CRON START ==========
[2025-12-21 21:24:01] Date: 2025-12-21 | Jour: 21
[2025-12-21 21:24:01] ✓ No recurring transactions to generate.
[2025-12-21 21:24:01] ========== CRON END ==========
[2025-12-21 21:25:01] ========== CRON START ==========
[2025-12-21 21:25:01] Date: 2025-12-21 | Jour: 21
[2025-12-21 21:25:01] ✓ No recurring transactions to generate.
[2025-12-21 21:25:01] ========== CRON END ==========
[2025-12-21 21:26:01] ========== CRON START ==========
[2025-12-21 21:26:01] Date: 2025-12-21 | Jour: 21
[2025-12-21 21:26:01] ✓ No recurring transactions to generate.
[2025-12-21 21:26:01] ========== CRON END ==========
[2025-12-21 21:27:01] ========== CRON START ==========
[2025-12-21 21:27:01] Date: 2025-12-21 | Jour: 21
[2025-12-21 21:27:01] ✓ No recurring transactions to generate.
[2025-12-21 21:27:01] ========== CRON END ==========
[2025-12-21 21:28:01] ========== CRON START ==========
[2025-12-21 21:28:01] Date: 2025-12-21 | Jour: 21
[2025-12-21 21:28:01] ✓ No recurring transactions to generate.
[2025-12-21 21:28:01] ========== CRON END ==========
[2025-12-21 21:29:01] ========== CRON START ==========
[2025-12-21 21:29:01] Date: 2025-12-21 | Jour: 21
[2025-12-21 21:29:01] ✓ No recurring transactions to generate.
[2025-12-21 21:29:01] ========== CRON END ==========
[2025-12-21 21:30:01] ========== CRON START ==========
[2025-12-21 21:30:01] Date: 2025-12-21 | Jour: 21
[2025-12-21 21:30:01] ✓ No recurring transactions to generate.
[2025-12-21 21:30:01] ========== CRON END ==========
[2025-12-21 21:31:01] ========== CRON START ==========
[2025-12-21 21:31:01] Date: 2025-12-21 | Jour: 21
[2025-12-21 21:31:01] ✓ No recurring transactions to generate.
[2025-12-21 21:31:01] ========== CRON END ==========
[2025-12-21 21:32:01] ========== CRON START ==========
[2025-12-21 21:32:01] Date: 2025-12-21 | Jour: 21
[2025-12-21 21:32:01] ✓ No recurring transactions to generate.
[2025-12-21 21:32:01] ========== CRON END ==========
[2025-12-21 21:33:01] ========== CRON START ==========
[2025-12-21 21:33:01] Date: 2025-12-21 | Jour: 21
[2025-12-21 21:33:01] ✓ No recurring transactions to generate.
[2025-12-21 21:33:01] ========== CRON END ==========
[2025-12-21 21:34:02] ========== CRON START ==========
[2025-12-21 21:34:02] Date: 2025-12-21 | Jour: 21
[2025-12-21 21:34:02] ✓ No recurring transactions to generate.
[2025-12-21 21:34:02] ========== CRON END ==========
[2025-12-21 21:35:01] ========== CRON START ==========
[2025-12-21 21:35:01] Date: 2025-12-21 | Jour: 21
[2025-12-21 21:35:01] ✓ No recurring transactions to generate.
[2025-12-21 21:35:01] ========== CRON END ==========
[2025-12-21 21:36:01] ========== CRON START ==========
[2025-12-21 21:36:01] Date: 2025-12-21 | Jour: 21
[2025-12-21 21:36:01] ✓ No recurring transactions to generate.
[2025-12-21 21:36:01] ========== CRON END ==========
[2025-12-21 21:37:01] ========== CRON START ==========
[2025-12-21 21:37:01] Date: 2025-12-21 | Jour: 21
[2025-12-21 21:37:01] ✓ No recurring transactions to generate.
[2025-12-21 21:37:01] ========== CRON END ==========
[2025-12-21 21:38:01] ========== CRON START ==========
[2025-12-21 21:38:01] Date: 2025-12-21 | Jour: 21
[2025-12-21 21:38:01] ✓ No recurring transactions to generate.
[2025-12-21 21:38:01] ========== CRON END ==========
[2025-12-21 21:39:01] ========== CRON START ==========
[2025-12-21 21:39:01] Date: 2025-12-21 | Jour: 21
[2025-12-21 21:39:01] ✓ No recurring transactions to generate.
[2025-12-21 21:39:01] ========== CRON END ==========
[2025-12-21 21:40:01] ========== CRON START ==========
[2025-12-21 21:40:01] Date: 2025-12-21 | Jour: 21
[2025-12-21 21:40:01] ✓ No recurring transactions to generate.
[2025-12-21 21:40:01] ========== CRON END ==========
[2025-12-21 21:41:01] ========== CRON START ==========
[2025-12-21 21:41:01] Date: 2025-12-21 | Jour: 21
[2025-12-21 21:41:01] ✓ No recurring transactions to generate.
[2025-12-21 21:41:01] ========== CRON END ==========
[2025-12-21 21:42:01] ========== CRON START ==========
[2025-12-21 21:42:01] Date: 2025-12-21 | Jour: 21
[2025-12-21 21:42:01] ✓ No recurring transactions to generate.
[2025-12-21 21:42:01] ========== CRON END ==========
[2025-12-21 21:43:01] ========== CRON START ==========
[2025-12-21 21:43:01] Date: 2025-12-21 | Jour: 21
[2025-12-21 21:43:01] ✓ No recurring transactions to generate.
[2025-12-21 21:43:01] ========== CRON END ==========
[2025-12-21 21:44:01] ========== CRON START ==========
[2025-12-21 21:44:01] Date: 2025-12-21 | Jour: 21
[2025-12-21 21:44:01] ✓ No recurring transactions to generate.
[2025-12-21 21:44:01] ========== CRON END ==========
[2025-12-21 21:45:01] ========== CRON START ==========
[2025-12-21 21:45:01] Date: 2025-12-21 | Jour: 21
[2025-12-21 21:45:01] ✓ No recurring transactions to generate.
[2025-12-21 21:45:01] ========== CRON END ==========
[2025-12-21 21:46:01] ========== CRON START ==========
[2025-12-21 21:46:01] Date: 2025-12-21 | Jour: 21
[2025-12-21 21:46:01] ✓ No recurring transactions to generate.
[2025-12-21 21:46:01] ========== CRON END ==========
[2025-12-21 21:49:54] ========== CRON START ==========
[2025-12-21 21:49:54] Date: 2025-12-21 | Jour: 21
[2025-12-21 21:49:54] ✓ No recurring transactions to generate.
[2025-12-21 21:49:54] ========== CRON END ==========
[2025-12-21 21:49:54] ========== CRON START ==========
[2025-12-21 21:49:54] Date: 2025-12-21 | Jour: 21
[2025-12-21 21:49:54] ✓ No recurring transactions to generate.
[2025-12-21 21:49:54] ========== CRON END ==========
[2025-12-21 21:49:54] ========== CRON START ==========
[2025-12-21 21:49:54] Date: 2025-12-21 | Jour: 21
[2025-12-21 21:49:54] ✓ No recurring transactions to generate.
[2025-12-21 21:49:54] ========== CRON END ==========
[2025-12-21 21:50:01] ========== CRON START ==========
[2025-12-21 21:50:01] Date: 2025-12-21 | Jour: 21
[2025-12-21 21:50:01] ✓ No recurring transactions to generate.
[2025-12-21 21:50:01] ========== CRON END ==========
[2025-12-21 21:51:01] ========== CRON START ==========
[2025-12-21 21:51:01] Date: 2025-12-21 | Jour: 21
[2025-12-21 21:51:01] ✓ No recurring transactions to generate.
[2025-12-21 21:51:01] ========== CRON END ==========
[2025-12-21 21:52:01] ========== CRON START ==========
[2025-12-21 21:52:01] Date: 2025-12-21 | Jour: 21
[2025-12-21 21:52:01] ✓ No recurring transactions to generate.
[2025-12-21 21:52:01] ========== CRON END ==========
[2025-12-21 21:53:01] ========== CRON START ==========
[2025-12-21 21:53:01] Date: 2025-12-21 | Jour: 21
[2025-12-21 21:53:01] ✓ No recurring transactions to generate.
[2025-12-21 21:53:01] ========== CRON END ==========
[2025-12-21 21:54:01] ========== CRON START ==========
[2025-12-21 21:54:01] Date: 2025-12-21 | Jour: 21
[2025-12-21 21:54:01] ✓ No recurring transactions to generate.
[2025-12-21 21:54:01] ========== CRON END ==========
[2025-12-21 21:55:01] ========== CRON START ==========
[2025-12-21 21:55:01] Date: 2025-12-21 | Jour: 21
[2025-12-21 21:55:01] ✓ No recurring transactions to generate.
[2025-12-21 21:55:01] ========== CRON END ==========
[2025-12-21 21:56:01] ========== CRON START ==========
[2025-12-21 21:56:01] Date: 2025-12-21 | Jour: 21
[2025-12-21 21:56:01] ✓ No recurring transactions to generate.
[2025-12-21 21:56:01] ========== CRON END ==========
[2025-12-21 21:57:01] ========== CRON START ==========
[2025-12-21 21:57:01] Date: 2025-12-21 | Jour: 21
[2025-12-21 21:57:01] ✓ No recurring transactions to generate.
[2025-12-21 21:57:01] ========== CRON END ==========
[2025-12-21 21:58:01] ========== CRON START ==========
[2025-12-21 21:58:01] Date: 2025-12-21 | Jour: 21
[2025-12-21 21:58:01] ✓ No recurring transactions to generate.
[2025-12-21 21:58:01] ========== CRON END ==========
[2025-12-21 21:59:01] ========== CRON START ==========
[2025-12-21 21:59:01] Date: 2025-12-21 | Jour: 21
[2025-12-21 21:59:01] ✓ No recurring transactions to generate.
[2025-12-21 21:59:01] ========== CRON END ==========
[2025-12-21 22:00:01] ========== CRON START ==========
[2025-12-21 22:00:01] Date: 2025-12-21 | Jour: 21
[2025-12-21 22:00:01] ✓ No recurring transactions to generate.
[2025-12-21 22:00:01] ========== CRON END ==========
[2025-12-21 22:01:01] ========== CRON START ==========
[2025-12-21 22:01:01] Date: 2025-12-21 | Jour: 21
[2025-12-21 22:01:01] ✓ No recurring transactions to generate.
[2025-12-21 22:01:01] ========== CRON END ==========
[2025-12-21 22:02:01] ========== CRON START ==========
[2025-12-21 22:02:01] Date: 2025-12-21 | Jour: 21
[2025-12-21 22:02:01] ✓ No recurring transactions to generate.
[2025-12-21 22:02:01] ========== CRON END ==========
[2025-12-21 22:03:02] ========== CRON START ==========
[2025-12-21 22:03:02] Date: 2025-12-21 | Jour: 21
[2025-12-21 22:03:02] ✓ No recurring transactions to generate.
[2025-12-21 22:03:02] ========== CRON END ==========
[2025-12-21 22:04:01] ========== CRON START ==========
[2025-12-21 22:04:01] Date: 2025-12-21 | Jour: 21
[2025-12-21 22:04:01] ✓ No recurring transactions to generate.
[2025-12-21 22:04:01] ========== CRON END ==========
[2025-12-21 22:05:01] ========== CRON START ==========
[2025-12-21 22:05:01] Date: 2025-12-21 | Jour: 21
[2025-12-21 22:05:01] ✓ No recurring transactions to generate.
[2025-12-21 22:05:01] ========== CRON END ==========
[2025-12-21 22:06:01] ========== CRON START ==========
[2025-12-21 22:06:01] Date: 2025-12-21 | Jour: 21
[2025-12-21 22:06:01] ✓ No recurring transactions to generate.
[2025-12-21 22:06:01] ========== CRON END ==========
[2025-12-21 22:07:01] ========== CRON START ==========
[2025-12-21 22:07:01] Date: 2025-12-21 | Jour: 21
[2025-12-21 22:07:01] ✓ No recurring transactions to generate.
[2025-12-21 22:07:01] ========== CRON END ==========
[2025-12-21 22:08:01] ========== CRON START ==========
[2025-12-21 22:08:01] Date: 2025-12-21 | Jour: 21
[2025-12-21 22:08:01] ✓ No recurring transactions to generate.
[2025-12-21 22:08:01] ========== CRON END ==========
[2025-12-21 22:09:01] ========== CRON START ==========
[2025-12-21 22:09:01] Date: 2025-12-21 | Jour: 21
[2025-12-21 22:09:01] ✓ No recurring transactions to generate.
[2025-12-21 22:09:01] ========== CRON END ==========
[2025-12-21 22:10:01] ========== CRON START ==========
[2025-12-21 22:10:01] Date: 2025-12-21 | Jour: 21
[2025-12-21 22:10:01] ✓ No recurring transactions to generate.
[2025-12-21 22:10:01] ========== CRON END ==========
[2025-12-21 22:11:01] ========== CRON START ==========
[2025-12-21 22:11:01] Date: 2025-12-21 | Jour: 21
[2025-12-21 22:11:01] ✓ No recurring transactions to generate.
[2025-12-21 22:11:01] ========== CRON END ==========
[2025-12-21 22:12:01] ========== CRON START ==========
[2025-12-21 22:12:01] Date: 2025-12-21 | Jour: 21
[2025-12-21 22:12:01] ✓ No recurring transactions to generate.
[2025-12-21 22:12:01] ========== CRON END ==========
[2025-12-21 22:13:01] ========== CRON START ==========
[2025-12-21 22:13:01] Date: 2025-12-21 | Jour: 21
[2025-12-21 22:13:01] ✓ No recurring transactions to generate.
[2025-12-21 22:13:01] ========== CRON END ==========
[2025-12-21 22:14:01] ========== CRON START ==========
[2025-12-21 22:14:01] Date: 2025-12-21 | Jour: 21
[2025-12-21 22:14:01] ✓ No recurring transactions to generate.
[2025-12-21 22:14:01] ========== CRON END ==========
[2025-12-21 22:15:01] ========== CRON START ==========
[2025-12-21 22:15:01] Date: 2025-12-21 | Jour: 21
[2025-12-21 22:15:01] ✓ No recurring transactions to generate.
[2025-12-21 22:15:01] ========== CRON END ==========
[2025-12-21 22:16:01] ========== CRON START ==========
[2025-12-21 22:16:01] Date: 2025-12-21 | Jour: 21
[2025-12-21 22:16:01] ✓ No recurring transactions to generate.
[2025-12-21 22:16:01] ========== CRON END ==========
[2025-12-21 22:17:01] ========== CRON START ==========
[2025-12-21 22:17:01] Date: 2025-12-21 | Jour: 21
[2025-12-21 22:17:01] ✓ No recurring transactions to generate.
[2025-12-21 22:17:01] ========== CRON END ==========
[2025-12-21 22:18:02] ========== CRON START ==========
[2025-12-21 22:18:02] Date: 2025-12-21 | Jour: 21
[2025-12-21 22:18:02] ✓ No recurring transactions to generate.
[2025-12-21 22:18:02] ========== CRON END ==========
[2025-12-21 22:19:01] ========== CRON START ==========
[2025-12-21 22:19:01] Date: 2025-12-21 | Jour: 21
[2025-12-21 22:19:01] ✓ No recurring transactions to generate.
[2025-12-21 22:19:01] ========== CRON END ==========
[2025-12-21 22:20:01] ========== CRON START ==========
[2025-12-21 22:20:01] Date: 2025-12-21 | Jour: 21
[2025-12-21 22:20:01] ✓ No recurring transactions to generate.
[2025-12-21 22:20:01] ========== CRON END ==========
[2025-12-21 22:21:01] ========== CRON START ==========
[2025-12-21 22:21:01] Date: 2025-12-21 | Jour: 21
[2025-12-21 22:21:01] ✓ No recurring transactions to generate.
[2025-12-21 22:21:01] ========== CRON END ==========
[2025-12-21 22:22:01] ========== CRON START ==========
[2025-12-21 22:22:01] Date: 2025-12-21 | Jour: 21
[2025-12-21 22:22:01] ✓ No recurring transactions to generate.
[2025-12-21 22:22:01] ========== CRON END ==========
[2025-12-21 22:23:01] ========== CRON START ==========
[2025-12-21 22:23:01] Date: 2025-12-21 | Jour: 21
[2025-12-21 22:23:01] ✓ No recurring transactions to generate.
[2025-12-21 22:23:01] ========== CRON END ==========
[2025-12-21 22:24:02] ========== CRON START ==========
[2025-12-21 22:24:02] Date: 2025-12-21 | Jour: 21
[2025-12-21 22:24:02] ✓ No recurring transactions to generate.
[2025-12-21 22:24:02] ========== CRON END ==========
[2025-12-21 22:25:01] ========== CRON START ==========
[2025-12-21 22:25:01] Date: 2025-12-21 | Jour: 21
[2025-12-21 22:25:01] ✓ No recurring transactions to generate.
[2025-12-21 22:25:01] ========== CRON END ==========
[2025-12-21 22:26:01] ========== CRON START ==========
[2025-12-21 22:26:01] Date: 2025-12-21 | Jour: 21
[2025-12-21 22:26:01] ✓ No recurring transactions to generate.
[2025-12-21 22:26:01] ========== CRON END ==========
[2025-12-21 22:27:01] ========== CRON START ==========
[2025-12-21 22:27:01] Date: 2025-12-21 | Jour: 21
[2025-12-21 22:27:01] ✓ No recurring transactions to generate.
[2025-12-21 22:27:01] ========== CRON END ==========
[2025-12-21 22:28:01] ========== CRON START ==========
[2025-12-21 22:28:01] Date: 2025-12-21 | Jour: 21
[2025-12-21 22:28:01] ✓ No recurring transactions to generate.
[2025-12-21 22:28:01] ========== CRON END ==========
[2025-12-21 22:29:01] ========== CRON START ==========
[2025-12-21 22:29:01] Date: 2025-12-21 | Jour: 21
[2025-12-21 22:29:01] ✓ No recurring transactions to generate.
[2025-12-21 22:29:01] ========== CRON END ==========
[2025-12-21 22:30:01] ========== CRON START ==========
[2025-12-21 22:30:01] Date: 2025-12-21 | Jour: 21
[2025-12-21 22:30:01] ✓ No recurring transactions to generate.
[2025-12-21 22:30:01] ========== CRON END ==========
[2025-12-21 22:31:01] ========== CRON START ==========
[2025-12-21 22:31:01] Date: 2025-12-21 | Jour: 21
[2025-12-21 22:31:01] ✓ No recurring transactions to generate.
[2025-12-21 22:31:01] ========== CRON END ==========
[2025-12-21 22:32:01] ========== CRON START ==========
[2025-12-21 22:32:01] Date: 2025-12-21 | Jour: 21
[2025-12-21 22:32:01] ✓ No recurring transactions to generate.
[2025-12-21 22:32:01] ========== CRON END ==========
[2025-12-21 22:33:01] ========== CRON START ==========
[2025-12-21 22:33:01] Date: 2025-12-21 | Jour: 21
[2025-12-21 22:33:01] ✓ No recurring transactions to generate.
[2025-12-21 22:33:01] ========== CRON END ==========
[2025-12-21 22:34:01] ========== CRON START ==========
[2025-12-21 22:34:01] Date: 2025-12-21 | Jour: 21
[2025-12-21 22:34:01] ✓ No recurring transactions to generate.
[2025-12-21 22:34:01] ========== CRON END ==========
[2025-12-21 22:35:02] ========== CRON START ==========
[2025-12-21 22:35:02] Date: 2025-12-21 | Jour: 21
[2025-12-21 22:35:02] ✓ No recurring transactions to generate.
[2025-12-21 22:35:02] ========== CRON END ==========
[2025-12-21 22:36:01] ========== CRON START ==========
[2025-12-21 22:36:01] Date: 2025-12-21 | Jour: 21
[2025-12-21 22:36:01] ✓ No recurring transactions to generate.
[2025-12-21 22:36:01] ========== CRON END ==========
[2025-12-21 22:37:01] ========== CRON START ==========
[2025-12-21 22:37:01] Date: 2025-12-21 | Jour: 21
[2025-12-21 22:37:01] ✓ No recurring transactions to generate.
[2025-12-21 22:37:01] ========== CRON END ==========
[2025-12-21 23:23:01] ========== CRON START ==========
[2025-12-21 23:23:01] Date: 2025-12-21 | Jour: 21
[2025-12-21 23:23:01] ✓ No recurring transactions to generate.
[2025-12-21 23:23:01] ========== CRON END ==========
